20211118101717 zulu india quebec sierra papa foxtrot x-ray golf whiskey yankee
20211118112655 golf echo whiskey romeo juliet zulu whiskey delta juliet papa
20211118140348 november echo kilo papa viktor juliet kilo x-ray yankee november
20211118154317 whiskey mike unifrom bravo tango november tango charlie tango lima
20211118171600 unifrom charlie lima kilo golf mike mike tango india x-ray
20211118181446 sierra x-ray india alpha quebec yankee kilo delta mike unifrom
20211118200151 whiskey zulu unifrom golf november kilo alpha quebec unifrom zulu
20211118201647 hotel romeo tango charlie whiskey unifrom x-ray november x-ray delta
20211118221545 papa delta zulu golf mike hotel foxtrot lima viktor echo
20211118235526 november papa delta x-ray golf india papa papa charlie charlie
20211119001349 hotel romeo india romeo tango kilo bravo golf juliet viktor
20211119021850 tango juliet papa sierra papa unifrom delta quebec zulu viktor
20211119033601 sierra delta juliet echo india oscar tango kilo lima yankee
20211119043623 india lima mike lima november delta bravo delta tango november
20211119045843 kilo papa viktor viktor charlie alpha november unifrom romeo whiskey
20211119050446 viktor alpha oscar kilo golf mike whiskey zulu romeo sierra
20211119052728 zulu golf unifrom yankee juliet kilo romeo mike x-ray quebec
20211119064413 x-ray bravo november whiskey echo alpha juliet quebec x-ray delta
20211119083116 kilo yankee bravo quebec viktor zulu kilo sierra oscar india
20211119085458 alpha hotel unifrom november quebec x-ray juliet kilo juliet mike
20211119110725 tango viktor november hotel whiskey echo foxtrot delta charlie tango
20211119131038 zulu oscar oscar india lima whiskey lima unifrom quebec tango
20211119131722 lima x-ray bravo papa x-ray alpha papa mike mike foxtrot
20211119140621 echo lima sierra romeo november lima sierra mike papa zulu
20211119145428 echo kilo echo romeo mike x-ray x-ray juliet juliet lima
20211119171040 mike whiskey bravo whiskey juliet mike india yankee india november
20211119191548 tango delta yankee delta quebec papa november charlie romeo papa
20211119203240 golf foxtrot romeo romeo viktor golf mike viktor charlie echo
20211119224212 bravo juliet unifrom yankee yankee viktor zulu kilo foxtrot mike
20211120011443 tango zulu yankee yankee charlie yankee quebec oscar sierra kilo
20211120021111 golf zulu tango alpha sierra echo x-ray tango golf mike
20211120044839 zulu oscar sierra zulu sierra oscar india viktor sierra bravo
20211120071912 romeo unifrom juliet zulu viktor lima india alpha delta mike
20211120084617 viktor india yankee foxtrot kilo kilo zulu echo yankee tango
20211120092106 zulu delta whiskey viktor quebec echo juliet charlie delta x-ray
20211120110114 juliet golf yankee x-ray echo zulu lima lima yankee juliet
20211120120142 kilo tango bravo whiskey golf bravo delta zulu whiskey golf
20211120121121 quebec alpha kilo golf oscar quebec romeo papa yankee yankee
20211120124736 kilo delta hotel quebec golf india quebec sierra alpha foxtrot
20211120130228 oscar romeo yankee foxtrot juliet kilo yankee x-ray zulu foxtrot
20211120140755 golf juliet mike echo kilo romeo alpha whiskey juliet bravo
20211120163625 lima india oscar papa november mike romeo sierra whiskey kilo
20211120165709 x-ray golf papa india juliet whiskey viktor alpha unifrom mike
20211120174141 quebec foxtrot sierra foxtrot unifrom juliet tango foxtrot zulu alpha
20211120175336 bravo bravo oscar india golf hotel quebec unifrom x-ray quebec
20211120192928 x-ray juliet oscar hotel charlie juliet echo oscar juliet papa
20211120203014 foxtrot juliet viktor echo delta unifrom juliet x-ray golf echo
20211120222223 november india charlie bravo juliet oscar yankee november charlie whiskey
20211120234842 mike india bravo hotel hotel lima kilo sierra charlie india
20211121014926 quebec kilo unifrom viktor zulu hotel delta november echo romeo
20211121030526 viktor charlie alpha lima echo hotel x-ray unifrom viktor bravo
20211121042001 romeo kilo golf whiskey lima charlie november november echo delta
20211121054556 sierra november viktor quebec golf echo alpha quebec zulu x-ray
20211121060217 india alpha unifrom whiskey quebec kilo echo viktor delta hotel
20211121074004 foxtrot tango kilo golf bravo viktor whiskey tango papa foxtrot
20211121082039 unifrom hotel charlie golf kilo romeo romeo unifrom mike zulu
20211121100548 echo juliet oscar lima hotel delta whiskey hotel sierra viktor
20211121111930 unifrom whiskey romeo oscar juliet viktor mike quebec alpha delta
20211121131301 kilo lima bravo delta bravo tango golf mike kilo viktor
20211121153543 mike unifrom yankee kilo kilo delta x-ray india whiskey charlie
20211121154233 oscar yankee sierra alpha romeo november oscar delta quebec oscar
20211121180738 x-ray quebec papa yankee golf bravo yankee quebec whiskey india
20211121205200 zulu kilo november november golf unifrom sierra november oscar viktor
20211121232740 zulu tango delta tango golf unifrom bravo lima quebec papa
20211122004851 whiskey hotel kilo november viktor juliet india charlie foxtrot tango
20211122030915 lima yankee tango viktor mike x-ray sierra golf whiskey kilo
20211122054436 delta sierra alpha papa foxtrot golf november mike quebec oscar
20211122055934 hotel india foxtrot india bravo oscar whiskey juliet foxtrot unifrom
20211122074428 papa viktor quebec november delta quebec tango zulu hotel foxtrot
20211122090351 november juliet delta kilo romeo x-ray whiskey india foxtrot alpha
20211122102727 sierra mike lima hotel oscar tango oscar golf zulu echo
20211122122433 juliet echo x-ray whiskey kilo sierra juliet whiskey bravo oscar
20211122141001 zulu tango whiskey yankee bravo india whiskey whiskey bravo romeo
20211122145341 oscar echo alpha november lima x-ray lima alpha unifrom romeo
20211122160334 x-ray charlie whiskey delta tango yankee kilo lima mike quebec
20211122165353 tango zulu romeo unifrom charlie tango oscar november tango tango
20211122190034 foxtrot juliet yankee echo lima hotel foxtrot sierra unifrom lima
20211122203524 quebec charlie bravo charlie bravo oscar kilo bravo tango lima
20211122212400 bravo sierra foxtrot yankee viktor oscar tango yankee unifrom kilo
20211122225435 whiskey golf tango charlie echo sierra yankee yankee golf papa
20211123005509 foxtrot november yankee oscar golf yankee alpha oscar tango sierra
20211123015808 echo golf charlie juliet oscar oscar quebec foxtrot unifrom whiskey
20211123020703 x-ray hotel oscar x-ray delta quebec foxtrot bravo lima lima
20211123041434 whiskey papa yankee mike foxtrot x-ray x-ray zulu viktor whiskey
20211123051013 quebec india mike echo kilo oscar zulu zulu romeo lima
20211123071012 juliet kilo delta charlie india romeo unifrom sierra november november
20211123074436 quebec delta juliet hotel delta november romeo lima delta tango
20211123075305 x-ray quebec echo oscar yankee sierra charlie lima golf papa
20211123101057 juliet sierra delta alpha romeo romeo romeo charlie echo yankee
20211123114541 bravo x-ray golf juliet kilo hotel oscar whiskey viktor oscar
20211123141042 romeo x-ray sierra yankee romeo foxtrot juliet whiskey sierra juliet
20211123160807 india mike sierra romeo kilo kilo zulu zulu juliet oscar
20211123185444 kilo viktor viktor charlie echo romeo unifrom tango bravo echo
20211123204602 kilo bravo foxtrot india november delta x-ray whiskey november viktor
20211123220138 lima oscar lima hotel delta unifrom juliet zulu unifrom yankee
20211123225847 hotel romeo yankee papa mike alpha zulu foxtrot alpha mike
20211124011321 tango lima lima hotel kilo alpha mike charlie whiskey oscar
20211124030335 unifrom viktor alpha kilo tango tango unifrom romeo golf zulu
20211124032628 tango yankee kilo unifrom quebec whiskey foxtrot alpha echo mike
20211124041238 delta x-ray juliet foxtrot november sierra unifrom oscar mike romeo
