20211118101717 echo charlie charlie romeo echo india bravo zulu echo x-ray
20211118111829 tango romeo sierra golf zulu sierra sierra charlie zulu tango
20211118130818 mike india mike sierra kilo sierra tango alpha zulu tango
20211118145612 x-ray juliet tango tango india mike whiskey zulu zulu november
20211118151559 hotel juliet alpha romeo whiskey viktor lima november yankee unifrom
20211118161730 echo delta echo unifrom november quebec foxtrot x-ray yankee hotel
20211118172659 zulu delta mike india golf papa yankee india oscar juliet
20211118184129 sierra unifrom romeo sierra india oscar foxtrot alpha unifrom papa
20211118192644 unifrom papa mike mike echo x-ray x-ray india quebec sierra
20211118205040 bravo charlie hotel november lima unifrom juliet yankee oscar golf
20211118224815 foxtrot romeo tango sierra unifrom golf echo quebec lima foxtrot
20211119004417 viktor romeo oscar juliet romeo juliet bravo unifrom whiskey tango
20211119015354 alpha lima foxtrot papa zulu foxtrot india whiskey kilo unifrom
20211119034455 tango alpha kilo november whiskey november papa echo foxtrot oscar
20211119043141 kilo charlie foxtrot sierra november kilo papa november delta romeo
20211119064453 romeo yankee lima quebec juliet alpha echo echo november alpha
20211119083916 oscar x-ray zulu zulu hotel charlie mike delta juliet tango
20211119101836 delta kilo romeo golf x-ray delta oscar golf lima kilo
20211119112415 juliet india india papa november tango oscar whiskey alpha juliet
20211119130250 tango unifrom mike november unifrom quebec juliet unifrom whiskey yankee
20211119154058 tango unifrom hotel alpha zulu mike echo whiskey alpha whiskey
20211119174336 foxtrot bravo foxtrot echo india india zulu yankee oscar hotel
20211119195220 alpha x-ray zulu bravo unifrom echo oscar golf sierra quebec
20211119223515 zulu golf quebec hotel whiskey delta lima yankee tango tango
20211119231238 kilo delta unifrom tango unifrom hotel x-ray india hotel delta
20211120003901 unifrom delta delta golf romeo november juliet india yankee papa
20211120021708 kilo yankee foxtrot whiskey oscar bravo whiskey charlie whiskey romeo
20211120040326 whiskey sierra quebec oscar india echo quebec yankee viktor golf
20211120043310 zulu quebec charlie bravo yankee bravo yankee whiskey whiskey delta
20211120043431 juliet zulu viktor viktor hotel juliet unifrom papa india unifrom
20211120054739 sierra sierra golf alpha november kilo india unifrom alpha yankee
20211120061908 hotel hotel x-ray viktor whiskey papa yankee charlie golf golf
20211120075709 unifrom hotel lima romeo sierra golf lima zulu echo lima
20211120102653 bravo alpha golf lima echo viktor kilo papa golf x-ray
20211120121608 oscar hotel charlie x-ray sierra tango unifrom charlie echo zulu
20211120131041 x-ray romeo oscar viktor papa yankee echo papa sierra india
20211120142226 bravo india charlie viktor lima zulu quebec viktor unifrom zulu
20211120155752 echo quebec november viktor november hotel yankee unifrom zulu india
20211120172524 kilo whiskey whiskey charlie bravo lima zulu golf yankee zulu
20211120194343 mike november bravo alpha hotel juliet juliet echo foxtrot x-ray
20211120212010 bravo mike yankee whiskey echo whiskey juliet papa viktor oscar
20211120220429 india kilo echo unifrom papa viktor sierra golf golf kilo
20211120231431 oscar alpha unifrom charlie bravo quebec viktor foxtrot india foxtrot
20211121000701 foxtrot x-ray november delta x-ray echo india bravo papa echo
20211121020620 romeo mike juliet quebec tango kilo sierra romeo november tango
20211121035242 quebec echo whiskey bravo charlie india yankee x-ray papa hotel
20211121044222 juliet lima viktor juliet sierra yankee hotel november juliet november
20211121054404 whiskey golf india kilo romeo november india quebec papa viktor
20211121081736 quebec papa viktor sierra whiskey whiskey hotel papa bravo alpha
20211121085650 mike zulu juliet yankee oscar romeo viktor charlie quebec lima
20211121090802 charlie x-ray delta mike golf zulu whiskey yankee india delta
20211121111202 kilo kilo mike mike papa alpha whiskey zulu foxtrot alpha
20211121132301 kilo sierra delta alpha foxtrot echo november kilo golf india
20211121135121 foxtrot x-ray x-ray x-ray papa tango juliet hotel alpha tango
20211121153415 zulu november golf kilo zulu mike viktor kilo delta tango
20211121165306 zulu delta delta hotel lima oscar yankee bravo delta bravo
20211121192503 delta sierra viktor foxtrot alpha kilo juliet unifrom zulu oscar
20211121214113 delta echo echo mike echo kilo whiskey zulu oscar november
20211121235638 oscar india papa alpha november kilo tango juliet sierra golf
20211121235951 kilo tango viktor delta charlie hotel bravo quebec november echo
20211122002324 oscar delta foxtrot echo juliet delta alpha golf lima mike
20211122021217 juliet papa india bravo whiskey sierra unifrom papa quebec juliet
20211122044836 delta hotel viktor romeo foxtrot tango tango charlie x-ray tango
20211122050954 alpha golf tango papa papa mike oscar oscar viktor sierra
20211122051224 lima sierra romeo bravo echo echo lima juliet x-ray papa
20211122062852 tango mike viktor foxtrot x-ray kilo whiskey unifrom unifrom echo
20211122071328 bravo sierra oscar charlie echo foxtrot india hotel foxtrot mike
20211122081203 unifrom whiskey papa quebec hotel delta mike romeo oscar sierra
20211122085124 lima lima kilo charlie bravo charlie november sierra unifrom golf
20211122104415 golf kilo india bravo viktor oscar india quebec golf golf
20211122131651 lima hotel unifrom whiskey tango alpha echo quebec whiskey viktor
20211122134254 charlie lima kilo india oscar november oscar charlie romeo unifrom
20211122152226 zulu november papa mike oscar whiskey charlie quebec echo alpha
20211122171234 sierra lima november foxtrot romeo charlie sierra romeo whiskey foxtrot
20211122184934 juliet romeo lima delta papa delta oscar india bravo quebec
20211122202719 echo echo tango juliet juliet hotel echo alpha x-ray oscar
20211122230820 whiskey foxtrot alpha lima papa oscar lima whiskey kilo kilo
20211123015421 yankee oscar echo bravo quebec echo november hotel yankee sierra
20211123025942 delta quebec kilo viktor november mike november oscar yankee tango
20211123042347 delta kilo x-ray alpha yankee tango oscar papa oscar papa
20211123065010 whiskey whiskey viktor alpha unifrom foxtrot sierra india india unifrom
20211123092727 papa zulu charlie golf unifrom charlie bravo yankee quebec quebec
20211123112720 romeo november romeo hotel viktor foxtrot india romeo bravo whiskey
20211123141332 viktor delta november lima oscar lima whiskey lima golf yankee
20211123161527 bravo romeo delta juliet whiskey tango unifrom hotel sierra lima
20211123184817 juliet mike viktor india papa romeo charlie romeo foxtrot quebec
20211123204758 alpha unifrom papa juliet yankee sierra yankee golf echo echo
20211123212949 juliet bravo golf alpha quebec kilo oscar oscar romeo bravo
20211124000457 x-ray delta unifrom zulu romeo zulu x-ray hotel juliet whiskey
20211124015018 quebec quebec delta golf alpha viktor bravo zulu foxtrot viktor
20211124032720 oscar viktor delta charlie bravo whiskey golf yankee bravo romeo
20211124054736 bravo zulu oscar tango foxtrot charlie golf whiskey charlie charlie
20211124081736 delta india tango yankee unifrom foxtrot papa alpha viktor romeo
20211124090011 hotel kilo bravo bravo x-ray x-ray unifrom quebec golf tango
20211124092633 hotel november delta romeo charlie foxtrot viktor hotel hotel foxtrot
20211124100903 yankee papa november zulu juliet echo x-ray papa november november
20211124103215 quebec golf mike november yankee unifrom delta oscar romeo papa
20211124112110 x-ray alpha delta viktor sierra unifrom november echo viktor echo
20211124114702 juliet unifrom lima bravo kilo juliet echo mike hotel charlie
20211124132604 bravo november mike quebec zulu sierra quebec lima mike quebec
