20211118101717 tango kilo lima delta viktor lima viktor sierra foxtrot unifrom
20211118104107 unifrom x-ray golf charlie charlie golf whiskey whiskey india viktor
20211118120722 sierra x-ray echo kilo yankee papa golf foxtrot lima alpha
20211118144618 x-ray golf quebec charlie foxtrot bravo tango papa charlie bravo
20211118152929 juliet oscar oscar alpha quebec romeo unifrom sierra romeo oscar
20211118153223 delta november hotel x-ray quebec yankee quebec mike mike bravo
20211118180356 zulu golf lima alpha sierra charlie golf zulu romeo delta
20211118193221 zulu delta x-ray quebec lima mike whiskey sierra echo golf
20211118194841 unifrom charlie tango viktor quebec alpha sierra papa yankee viktor
20211118195605 yankee echo x-ray india november alpha viktor india golf delta
20211118210931 echo golf delta whiskey lima yankee unifrom hotel bravo juliet
20211118233421 delta x-ray tango sierra golf sierra tango zulu golf juliet
20211119000849 lima charlie sierra zulu november charlie lima yankee zulu india
20211119004811 quebec sierra unifrom unifrom zulu golf papa unifrom delta delta
20211119013021 yankee sierra lima papa echo tango charlie kilo lima yankee
20211119031028 echo alpha bravo papa india bravo zulu lima november india
20211119032927 whiskey charlie foxtrot alpha kilo romeo lima romeo charlie hotel
20211119034118 unifrom unifrom papa kilo hotel delta alpha tango quebec delta
20211119054036 november viktor lima x-ray yankee romeo delta bravo quebec romeo
20211119065012 oscar lima foxtrot alpha charlie delta unifrom kilo oscar tango
20211119090945 delta mike delta charlie sierra papa sierra papa sierra november
20211119100529 lima foxtrot whiskey golf lima golf hotel quebec juliet echo
20211119111857 india unifrom whiskey viktor india delta yankee whiskey x-ray alpha
20211119120920 kilo kilo whiskey lima quebec yankee papa mike sierra romeo
20211119142830 juliet lima bravo papa india november whiskey yankee unifrom viktor
20211119170811 zulu juliet kilo foxtrot viktor sierra delta kilo yankee tango
20211119175351 quebec romeo yankee sierra golf papa unifrom x-ray golf alpha
20211119183218 zulu charlie tango x-ray foxtrot quebec oscar viktor hotel hotel
20211119211227 whiskey whiskey foxtrot whiskey lima x-ray viktor golf tango sierra
20211119211551 echo romeo hotel bravo unifrom zulu zulu delta alpha x-ray
20211119212554 papa echo hotel quebec oscar foxtrot yankee foxtrot mike x-ray
20211119231121 yankee lima romeo echo lima romeo charlie x-ray hotel unifrom
20211120003515 zulu lima echo sierra quebec delta romeo yankee sierra oscar
20211120011250 viktor charlie alpha oscar hotel kilo sierra juliet sierra charlie
20211120021629 foxtrot viktor november mike zulu whiskey romeo zulu bravo oscar
20211120045709 hotel foxtrot viktor x-ray golf delta november foxtrot papa bravo
20211120064506 romeo delta yankee zulu x-ray alpha yankee zulu romeo mike
20211120084018 lima zulu unifrom foxtrot whiskey zulu x-ray juliet juliet hotel
20211120092038 juliet echo hotel sierra zulu quebec zulu juliet x-ray charlie
20211120105045 quebec delta lima bravo romeo mike whiskey kilo lima juliet
20211120105208 unifrom golf november foxtrot india juliet yankee tango alpha india
20211120131043 charlie quebec sierra juliet kilo unifrom alpha lima charlie kilo
20211120150457 yankee bravo alpha whiskey mike tango papa india zulu alpha
20211120173641 unifrom kilo unifrom lima alpha romeo viktor juliet viktor oscar
20211120191548 hotel sierra viktor lima kilo mike tango mike papa bravo
20211120220045 quebec golf whiskey charlie foxtrot juliet oscar alpha sierra quebec
20211120220900 unifrom foxtrot unifrom kilo kilo delta golf kilo november kilo
20211120235124 lima kilo kilo alpha bravo papa november viktor whiskey sierra
20211121003315 mike lima whiskey romeo sierra echo tango tango bravo india
20211121012715 delta november sierra oscar kilo india foxtrot sierra unifrom viktor
20211121015243 alpha viktor hotel golf kilo yankee golf viktor sierra hotel
20211121020056 lima lima delta sierra unifrom unifrom delta oscar yankee echo
20211121023736 echo sierra whiskey zulu golf sierra echo foxtrot yankee november
20211121031015 hotel viktor golf papa india india viktor tango golf delta
20211121043634 romeo x-ray whiskey viktor india yankee tango lima charlie viktor
20211121045521 foxtrot alpha charlie lima papa x-ray golf golf kilo yankee
20211121064529 india november unifrom unifrom juliet golf x-ray mike papa mike
20211121093146 india golf sierra romeo hotel sierra hotel x-ray charlie golf
20211121101835 unifrom hotel november yankee charlie bravo tango sierra charlie bravo
20211121113408 golf mike yankee hotel oscar delta whiskey november juliet bravo
20211121121938 whiskey quebec papa bravo quebec romeo hotel unifrom zulu golf
20211121132305 echo zulu yankee zulu november charlie x-ray x-ray papa zulu
20211121154540 india mike bravo quebec quebec india papa alpha india yankee
20211121154625 whiskey echo alpha sierra india delta romeo charlie oscar papa
20211121164619 mike quebec viktor foxtrot quebec mike whiskey tango tango hotel
20211121172059 tango bravo hotel echo kilo charlie delta kilo juliet india
20211121190620 zulu romeo kilo viktor viktor juliet bravo golf oscar foxtrot
20211121200045 india zulu alpha yankee hotel zulu yankee foxtrot india oscar
20211121222813 mike sierra delta november lima alpha zulu yankee oscar yankee
20211121224809 juliet whiskey tango mike foxtrot golf foxtrot india foxtrot tango
20211122012657 sierra mike india whiskey delta hotel kilo zulu viktor hotel
20211122023122 alpha x-ray lima whiskey tango sierra charlie mike november oscar
20211122025754 echo november yankee bravo golf golf x-ray echo kilo bravo
20211122035534 alpha whiskey mike zulu unifrom romeo india yankee juliet whiskey
20211122053008 romeo golf foxtrot delta tango quebec sierra bravo golf delta
20211122061332 unifrom papa kilo unifrom yankee hotel tango mike unifrom bravo
20211122072934 oscar charlie zulu quebec tango echo alpha quebec yankee papa
20211122091917 sierra delta yankee sierra kilo romeo hotel oscar india sierra
20211122105234 juliet mike echo x-ray quebec charlie bravo oscar unifrom yankee
20211122131050 golf unifrom charlie tango romeo alpha kilo november oscar tango
20211122132648 foxtrot yankee charlie oscar juliet lima lima x-ray november foxtrot
20211122133537 kilo foxtrot mike zulu oscar echo unifrom juliet viktor hotel
20211122161111 x-ray foxtrot kilo november romeo foxtrot delta sierra romeo golf
20211122174851 lima romeo delta oscar unifrom alpha juliet lima yankee alpha
20211122192959 juliet mike mike tango golf x-ray delta yankee romeo zulu
20211122213128 juliet foxtrot zulu papa kilo oscar oscar kilo mike oscar
20211122222231 charlie kilo oscar bravo x-ray viktor mike alpha mike echo
20211123004334 charlie mike quebec unifrom zulu alpha alpha echo viktor unifrom
20211123021850 sierra romeo bravo kilo india kilo foxtrot alpha oscar quebec
20211123022714 hotel foxtrot papa unifrom delta zulu romeo quebec juliet viktor
20211123034127 juliet romeo viktor golf kilo mike bravo romeo kilo kilo
20211123061941 kilo oscar tango juliet romeo alpha delta echo bravo foxtrot
20211123075443 yankee unifrom whiskey golf november viktor yankee foxtrot bravo yankee
20211123095846 november sierra kilo yankee echo hotel whiskey mike golf x-ray
20211123102402 viktor delta bravo quebec alpha hotel oscar india x-ray lima
20211123123532 kilo romeo november whiskey kilo x-ray golf kilo golf sierra
20211123134105 golf unifrom kilo papa whiskey bravo tango juliet alpha mike
20211123145946 charlie tango sierra delta zulu whiskey yankee papa papa juliet
20211123163739 juliet delta oscar foxtrot unifrom hotel papa echo lima x-ray
20211123175517 foxtrot romeo echo x-ray delta golf zulu viktor lima mike
