20211118101717 quebec foxtrot november whiskey bravo unifrom whiskey papa yankee golf
20211118123830 juliet kilo tango oscar india zulu delta romeo yankee sierra
20211118145900 juliet yankee papa golf delta x-ray tango delta unifrom x-ray
20211118151033 oscar quebec foxtrot viktor tango papa bravo romeo golf foxtrot
20211118151809 whiskey november echo november whiskey tango whiskey whiskey hotel sierra
20211118173347 echo unifrom lima tango bravo viktor delta foxtrot viktor delta
20211118173801 x-ray charlie quebec whiskey golf x-ray juliet hotel romeo delta
20211118202428 golf delta lima kilo mike unifrom papa mike echo unifrom
20211118213943 kilo lima alpha whiskey oscar foxtrot echo echo tango delta
20211118222155 november golf unifrom oscar november yankee charlie juliet bravo tango
20211118235601 papa yankee bravo zulu echo delta foxtrot alpha india zulu
20211119014301 bravo delta delta whiskey november viktor echo foxtrot golf yankee
20211119025638 charlie x-ray india alpha juliet sierra lima kilo mike juliet
20211119043205 viktor zulu foxtrot sierra yankee romeo romeo quebec alpha yankee
20211119064417 quebec bravo hotel delta bravo romeo yankee charlie alpha tango
20211119072919 juliet romeo charlie viktor zulu romeo india unifrom foxtrot yankee
20211119100422 viktor bravo x-ray x-ray foxtrot sierra papa juliet tango yankee
20211119113005 viktor yankee hotel viktor whiskey tango golf oscar alpha foxtrot
20211119115350 charlie november zulu x-ray tango foxtrot x-ray x-ray golf tango
20211119123003 kilo mike zulu whiskey bravo viktor oscar whiskey whiskey alpha
20211119125211 romeo quebec mike alpha november papa india oscar echo alpha
20211119134401 unifrom charlie romeo india lima alpha india lima bravo whiskey
20211119160928 papa lima whiskey viktor hotel unifrom x-ray bravo kilo foxtrot
20211119175605 mike bravo tango foxtrot echo yankee sierra juliet zulu yankee
20211119193244 hotel zulu x-ray viktor kilo india juliet mike november mike
20211119213437 viktor juliet echo yankee hotel foxtrot zulu foxtrot bravo hotel
20211120001358 echo kilo golf hotel delta sierra tango juliet oscar lima
20211120020259 lima hotel mike mike alpha india india foxtrot bravo yankee
20211120033412 unifrom zulu sierra alpha romeo zulu tango alpha echo zulu
20211120041915 golf oscar kilo unifrom delta romeo golf zulu alpha sierra
20211120050006 november oscar mike bravo india november november foxtrot juliet golf
20211120062132 foxtrot alpha golf hotel yankee whiskey november echo india whiskey
20211120070933 lima november foxtrot golf zulu sierra unifrom whiskey mike tango
20211120081032 zulu foxtrot delta echo lima echo kilo viktor oscar x-ray
20211120082346 mike sierra romeo viktor bravo india india sierra charlie india
20211120093753 unifrom alpha india foxtrot papa foxtrot kilo yankee juliet november
20211120102138 lima yankee papa echo lima hotel lima whiskey golf hotel
20211120122922 x-ray viktor delta x-ray tango november mike yankee mike india
20211120123513 alpha alpha yankee romeo whiskey zulu echo lima yankee juliet
20211120131022 viktor bravo mike foxtrot kilo viktor kilo mike unifrom delta
20211120141019 lima golf sierra oscar charlie romeo india unifrom kilo india
20211120143427 golf papa oscar hotel oscar whiskey kilo juliet oscar alpha
20211120145923 quebec golf quebec zulu bravo hotel bravo lima charlie mike
20211120152102 romeo oscar papa whiskey oscar golf mike juliet oscar india
20211120165759 bravo bravo echo quebec mike yankee romeo kilo tango mike
20211120180835 quebec kilo delta charlie yankee tango quebec golf india golf
20211120181053 oscar mike bravo sierra india kilo mike bravo x-ray viktor
20211120203258 golf golf echo unifrom hotel lima quebec kilo golf hotel
20211120230356 tango echo bravo papa charlie oscar sierra x-ray sierra alpha
20211121004447 sierra echo hotel charlie whiskey golf zulu quebec golf kilo
20211121004753 foxtrot golf delta viktor papa golf yankee echo x-ray november
20211121031352 hotel delta tango mike india x-ray india hotel juliet alpha
20211121052908 kilo alpha sierra viktor echo echo yankee bravo india alpha
20211121075015 x-ray yankee november viktor india lima mike golf echo november
20211121090701 foxtrot delta juliet yankee alpha oscar charlie november yankee echo
20211121102024 juliet romeo juliet lima november oscar juliet kilo november lima
20211121130035 bravo sierra mike juliet romeo tango lima hotel mike november
20211121131934 sierra echo bravo x-ray alpha foxtrot delta whiskey sierra charlie
20211121142714 kilo mike kilo papa whiskey november charlie quebec papa oscar
20211121151906 alpha charlie charlie alpha juliet viktor delta mike sierra mike
20211121165835 mike quebec india whiskey x-ray papa hotel foxtrot juliet zulu
20211121183749 papa x-ray golf india whiskey whiskey bravo alpha alpha unifrom
20211121191323 india x-ray papa viktor romeo lima alpha charlie kilo november
20211121191655 hotel x-ray zulu romeo papa yankee sierra delta golf unifrom
20211121210836 whiskey india oscar zulu kilo kilo sierra kilo november lima
20211121230246 tango whiskey november yankee whiskey mike tango unifrom charlie november
20211122002901 juliet november charlie yankee delta hotel mike whiskey viktor oscar
20211122003806 alpha unifrom echo alpha juliet hotel foxtrot x-ray india india
20211122015624 lima oscar quebec romeo kilo papa echo romeo romeo unifrom
20211122024716 romeo juliet delta oscar zulu juliet kilo alpha zulu romeo
20211122043709 romeo november mike yankee sierra zulu echo mike echo zulu
20211122053847 unifrom kilo india quebec golf november viktor bravo hotel sierra
20211122065940 quebec yankee delta india india india papa foxtrot yankee golf
20211122084601 echo x-ray unifrom bravo viktor alpha whiskey romeo romeo papa
20211122112307 papa tango delta foxtrot lima lima viktor unifrom oscar alpha
20211122115034 quebec mike quebec golf lima alpha bravo golf charlie november
20211122130208 tango quebec romeo bravo foxtrot papa bravo mike x-ray india
20211122142526 sierra juliet charlie echo sierra papa whiskey charlie tango echo
20211122153757 mike golf bravo quebec whiskey delta sierra kilo sierra papa
20211122161723 quebec mike romeo alpha lima echo mike zulu echo golf
20211122170151 hotel unifrom golf lima charlie november sierra alpha oscar kilo
20211122171427 juliet yankee foxtrot golf mike foxtrot whiskey x-ray x-ray viktor
20211122172737 papa whiskey whiskey zulu unifrom alpha echo oscar sierra romeo
20211122173015 sierra zulu kilo alpha zulu echo yankee foxtrot unifrom sierra
20211122195204 bravo romeo whiskey papa lima juliet tango lima charlie unifrom
20211122200155 mike delta kilo papa juliet delta kilo charlie whiskey golf
20211122220114 foxtrot zulu mike whiskey hotel mike juliet kilo papa november
20211123002909 romeo x-ray viktor yankee oscar quebec quebec juliet zulu zulu
20211123014609 mike sierra sierra zulu charlie quebec romeo kilo golf viktor
20211123023735 sierra tango x-ray hotel mike juliet alpha sierra sierra delta
20211123050214 zulu zulu zulu kilo foxtrot zulu golf sierra tango hotel
20211123072212 charlie papa charlie juliet quebec bravo juliet india papa foxtrot
20211123082331 sierra lima hotel india papa lima viktor alpha golf sierra
20211123093729 india charlie zulu yankee romeo papa bravo romeo lima viktor
20211123100659 sierra delta kilo sierra oscar juliet foxtrot lima unifrom viktor
20211123113616 whiskey whiskey quebec x-ray lima alpha november papa foxtrot romeo
20211123120605 delta yankee november tango mike oscar papa oscar quebec papa
20211123140826 kilo quebec zulu kilo sierra yankee juliet hotel mike zulu
20211123161256 lima alpha unifrom whiskey echo yankee yankee oscar india juliet
20211123171712 hotel foxtrot tango oscar lima alpha alpha quebec sierra yankee
