20211118101717 hotel golf papa papa lima zulu yankee hotel zulu zulu
20211118120308 hotel papa golf foxtrot papa x-ray tango alpha mike hotel
20211118120424 juliet tango juliet november india alpha delta hotel whiskey foxtrot
20211118121753 charlie yankee kilo quebec papa yankee romeo x-ray papa viktor
20211118145511 hotel november kilo delta romeo foxtrot whiskey india sierra papa
20211118153747 romeo hotel echo golf bravo foxtrot papa papa tango november
20211118165242 tango golf lima viktor foxtrot whiskey bravo hotel november oscar
20211118190946 papa viktor viktor kilo echo foxtrot quebec alpha unifrom oscar
20211118194427 bravo papa mike bravo kilo echo oscar whiskey golf viktor
20211118203808 foxtrot bravo delta romeo zulu whiskey alpha romeo quebec x-ray
20211118224324 kilo charlie india golf mike charlie mike golf golf yankee
20211118234343 zulu yankee quebec papa golf delta juliet echo hotel sierra
20211119002610 hotel alpha tango whiskey delta foxtrot foxtrot tango sierra whiskey
20211119005130 india hotel romeo hotel alpha bravo foxtrot tango foxtrot papa
20211119022946 papa juliet tango x-ray delta viktor kilo echo sierra tango
20211119025607 zulu oscar kilo juliet alpha juliet quebec bravo unifrom papa
20211119030953 tango viktor foxtrot bravo india charlie papa viktor unifrom india
20211119033725 unifrom unifrom papa viktor papa whiskey juliet juliet juliet mike
20211119041612 alpha quebec whiskey zulu yankee viktor whiskey charlie romeo echo
20211119064233 echo juliet juliet mike foxtrot papa x-ray delta alpha quebec
20211119084032 kilo papa november lima charlie november sierra x-ray viktor golf
20211119093433 november whiskey alpha unifrom delta unifrom juliet whiskey sierra mike
20211119120155 juliet delta unifrom kilo lima juliet zulu unifrom india hotel
20211119121208 unifrom mike lima november mike charlie juliet foxtrot whiskey hotel
20211119125717 romeo tango delta unifrom echo sierra november quebec foxtrot papa
20211119153930 lima hotel tango kilo romeo whiskey sierra viktor bravo tango
20211119164610 sierra bravo yankee bravo november yankee papa oscar mike lima
20211119183652 delta x-ray juliet foxtrot romeo sierra juliet whiskey tango mike
20211119195723 kilo india zulu alpha alpha juliet quebec alpha yankee charlie
20211119201337 unifrom golf x-ray sierra mike quebec sierra oscar romeo india
20211119211334 whiskey kilo romeo quebec echo zulu quebec oscar mike delta
20211119212231 quebec mike whiskey romeo lima oscar unifrom quebec unifrom foxtrot
20211119223652 tango mike hotel juliet quebec romeo zulu yankee foxtrot bravo
20211119233813 romeo hotel juliet quebec hotel quebec whiskey november tango echo
20211120011920 mike echo foxtrot oscar tango kilo charlie delta lima whiskey
20211120031424 mike kilo hotel quebec mike oscar tango whiskey bravo delta
20211120040846 charlie juliet mike sierra charlie foxtrot bravo romeo viktor alpha
20211120044630 november oscar x-ray sierra lima bravo romeo zulu golf x-ray
20211120073102 tango november golf hotel romeo romeo papa zulu x-ray papa
20211120091027 zulu romeo sierra india romeo juliet november charlie juliet zulu
20211120094437 yankee foxtrot romeo zulu oscar india echo alpha foxtrot mike
20211120122359 oscar oscar viktor charlie yankee mike tango november india india
20211120140311 zulu november bravo mike tango juliet kilo november hotel india
20211120162036 romeo charlie kilo alpha alpha mike zulu tango india foxtrot
20211120184422 alpha delta mike bravo charlie unifrom india hotel tango oscar
20211120195523 charlie juliet bravo oscar whiskey zulu kilo charlie papa tango
20211120222202 romeo november hotel lima unifrom oscar yankee bravo juliet oscar
20211121000351 quebec tango yankee foxtrot echo golf viktor foxtrot yankee india
20211121003430 hotel india unifrom echo x-ray quebec yankee echo x-ray whiskey
20211121010732 charlie quebec tango viktor zulu papa kilo november hotel alpha
20211121020227 quebec x-ray november november foxtrot alpha oscar mike charlie bravo
20211121020559 tango echo mike november juliet x-ray kilo lima india yankee
20211121022535 x-ray romeo juliet hotel kilo unifrom papa kilo charlie kilo
20211121041641 unifrom hotel romeo foxtrot papa papa whiskey bravo bravo november
20211121053443 delta x-ray golf zulu romeo mike foxtrot quebec delta foxtrot
20211121065209 papa quebec whiskey unifrom x-ray sierra tango mike whiskey alpha
20211121084044 zulu hotel romeo india alpha quebec whiskey alpha yankee delta
20211121084959 romeo tango sierra juliet x-ray tango india whiskey tango oscar
20211121105708 viktor november alpha mike oscar bravo delta whiskey romeo alpha
20211121105729 alpha november unifrom romeo alpha tango golf mike delta kilo
20211121122058 juliet kilo hotel delta india echo yankee india echo quebec
20211121135745 alpha viktor golf kilo bravo hotel quebec whiskey viktor whiskey
20211121163432 mike yankee yankee sierra papa oscar sierra foxtrot hotel unifrom
20211121174323 hotel unifrom romeo golf unifrom golf viktor lima kilo lima
20211121182005 echo foxtrot india alpha lima foxtrot oscar delta alpha india
20211121183610 india november papa yankee x-ray alpha lima viktor mike foxtrot
20211121202939 whiskey papa lima whiskey charlie unifrom mike romeo papa quebec
20211121211230 viktor whiskey bravo kilo golf alpha mike charlie oscar echo
20211121215248 india zulu papa tango unifrom whiskey yankee bravo charlie sierra
20211121234635 papa delta yankee delta india alpha alpha lima sierra india
20211122014540 whiskey viktor romeo bravo tango oscar mike romeo quebec golf
20211122041727 golf alpha quebec x-ray lima unifrom x-ray juliet bravo golf
20211122043249 x-ray romeo delta romeo delta charlie golf november foxtrot india
20211122044512 alpha tango tango tango foxtrot mike viktor whiskey x-ray unifrom
20211122071532 unifrom unifrom november kilo yankee golf charlie romeo tango india
20211122091819 viktor juliet whiskey x-ray november zulu zulu romeo x-ray papa
20211122101339 tango alpha foxtrot kilo viktor oscar unifrom papa lima yankee
20211122120200 kilo juliet charlie charlie foxtrot tango papa viktor foxtrot kilo
20211122140819 unifrom golf juliet alpha bravo romeo sierra papa delta delta
20211122142539 tango november hotel tango tango x-ray unifrom echo mike hotel
20211122165120 sierra india juliet echo viktor papa charlie echo zulu hotel
20211122165557 echo yankee romeo india echo oscar tango kilo oscar kilo
20211122175359 juliet unifrom mike romeo oscar juliet sierra foxtrot bravo november
20211122181123 zulu delta tango kilo zulu foxtrot viktor tango oscar bravo
20211122192607 oscar kilo romeo viktor tango mike yankee kilo lima sierra
20211122212317 whiskey charlie quebec whiskey delta oscar oscar papa mike echo
20211122220415 unifrom unifrom kilo mike zulu tango delta whiskey november x-ray
20211122223436 kilo india hotel papa hotel echo papa golf bravo papa
20211122235048 bravo hotel zulu viktor alpha viktor alpha yankee sierra india
20211123015119 charlie alpha sierra oscar zulu tango tango x-ray unifrom yankee
20211123041024 papa foxtrot charlie zulu bravo yankee november quebec india x-ray
20211123064007 india alpha whiskey hotel india alpha sierra oscar golf echo
20211123065437 papa golf india kilo yankee bravo lima kilo romeo oscar
20211123071253 charlie x-ray x-ray yankee yankee viktor whiskey tango kilo romeo
20211123075947 echo x-ray zulu golf quebec unifrom zulu quebec papa charlie
20211123081512 charlie yankee india lima whiskey tango juliet alpha delta tango
20211123102235 zulu x-ray viktor yankee november romeo papa romeo romeo tango
20211123122506 foxtrot romeo juliet hotel viktor quebec juliet quebec x-ray romeo
20211123144534 alpha oscar x-ray yankee delta charlie bravo unifrom yankee lima
20211123155008 bravo zulu x-ray bravo alpha delta whiskey papa x-ray foxtrot
