20211118101717 x-ray viktor whiskey charlie x-ray foxtrot viktor romeo whiskey alpha
20211118102751 sierra hotel tango tango echo oscar november whiskey india hotel
20211118111122 x-ray unifrom foxtrot romeo bravo golf india mike juliet tango
20211118122332 romeo hotel lima lima india tango delta alpha echo alpha
20211118131602 tango yankee golf unifrom november romeo oscar romeo papa alpha
20211118150629 lima whiskey oscar juliet romeo bravo sierra zulu whiskey tango
20211118151719 oscar yankee lima x-ray whiskey golf foxtrot november alpha viktor
20211118161124 quebec sierra whiskey oscar yankee lima lima sierra mike romeo
20211118171855 foxtrot whiskey papa papa tango x-ray foxtrot kilo tango yankee
20211118190110 juliet golf november bravo delta november unifrom x-ray oscar india
20211118213039 oscar oscar golf hotel mike juliet quebec viktor sierra x-ray
20211118214724 tango alpha sierra juliet kilo kilo quebec x-ray yankee yankee
20211118231940 yankee november mike juliet tango alpha quebec november lima golf
20211119014935 juliet whiskey lima sierra zulu mike lima kilo unifrom kilo
20211119020805 hotel juliet india india alpha x-ray kilo mike hotel golf
20211119023651 juliet oscar november mike foxtrot tango bravo november hotel charlie
20211119035518 romeo viktor tango juliet india unifrom whiskey quebec romeo whiskey
20211119063838 oscar india lima tango unifrom yankee tango unifrom bravo romeo
20211119091612 bravo hotel mike kilo tango viktor delta golf november yankee
20211119104215 hotel bravo kilo delta alpha charlie charlie whiskey echo papa
20211119124222 bravo november hotel juliet hotel romeo delta bravo lima tango
20211119124414 unifrom sierra echo echo x-ray sierra unifrom oscar zulu juliet
20211119140418 whiskey unifrom quebec alpha kilo delta alpha bravo kilo tango
20211119160649 papa november quebec romeo foxtrot kilo charlie kilo yankee hotel
20211119164402 lima romeo yankee tango mike unifrom whiskey viktor x-ray tango
20211119180047 alpha papa quebec foxtrot kilo romeo hotel whiskey lima unifrom
20211119185327 golf hotel yankee juliet yankee delta tango sierra unifrom whiskey
20211119213249 india lima echo delta delta x-ray golf bravo romeo bravo
20211119233443 lima delta mike x-ray romeo quebec unifrom romeo india quebec
20211119235655 quebec kilo lima oscar zulu quebec alpha alpha november papa
20211120015229 mike zulu echo quebec november kilo oscar lima kilo quebec
20211120030442 mike charlie mike oscar bravo charlie hotel romeo unifrom tango
20211120044727 quebec hotel foxtrot golf whiskey romeo quebec golf hotel golf
20211120052456 yankee x-ray bravo delta zulu sierra lima papa x-ray oscar
20211120064024 charlie oscar delta mike juliet lima viktor quebec juliet mike
20211120083528 romeo sierra viktor tango kilo foxtrot india foxtrot echo hotel
20211120084259 charlie delta tango hotel x-ray alpha whiskey juliet papa juliet
20211120110821 yankee zulu mike x-ray tango whiskey hotel unifrom charlie november
20211120121015 alpha charlie quebec mike charlie unifrom delta juliet golf lima
20211120141731 romeo november hotel golf golf oscar quebec romeo hotel whiskey
20211120163540 echo viktor quebec hotel juliet echo kilo yankee whiskey zulu
20211120181611 golf lima quebec india echo bravo alpha quebec lima x-ray
20211120201207 kilo lima kilo x-ray unifrom quebec alpha kilo sierra quebec
20211120205920 india quebec tango quebec charlie whiskey bravo zulu yankee echo
20211120232632 zulu yankee sierra papa golf quebec juliet kilo romeo whiskey
20211121021219 x-ray echo romeo tango whiskey charlie mike papa golf echo
20211121021855 golf whiskey bravo charlie alpha india golf delta x-ray zulu
20211121041900 echo zulu hotel mike sierra oscar kilo viktor november unifrom
20211121050403 charlie hotel mike unifrom zulu quebec delta delta november sierra
20211121050409 x-ray india alpha viktor charlie lima papa november foxtrot juliet
20211121070646 charlie golf delta whiskey whiskey yankee delta hotel oscar quebec
20211121083305 whiskey zulu bravo hotel golf kilo tango sierra foxtrot delta
20211121093300 tango delta alpha sierra papa yankee hotel delta romeo bravo
20211121112834 sierra bravo india zulu papa delta kilo zulu kilo zulu
20211121125239 lima india delta alpha romeo unifrom tango whiskey sierra viktor
20211121132514 juliet alpha mike delta tango quebec hotel kilo golf mike
20211121140052 oscar zulu zulu india delta golf kilo charlie foxtrot unifrom
20211121145444 mike unifrom hotel alpha unifrom mike charlie tango yankee juliet
20211121154127 tango zulu hotel unifrom romeo delta yankee juliet alpha x-ray
20211121182642 foxtrot romeo echo hotel zulu foxtrot kilo x-ray papa papa
20211121185112 golf mike unifrom romeo quebec kilo lima sierra viktor golf
20211121200716 golf november echo quebec kilo sierra zulu hotel kilo mike
20211121222609 romeo golf bravo charlie whiskey romeo november yankee zulu kilo
20211121235827 zulu echo lima november kilo unifrom quebec bravo yankee india
20211122013529 oscar golf tango romeo zulu india unifrom oscar mike romeo
20211122034152 foxtrot tango echo sierra yankee zulu bravo kilo golf bravo
20211122052756 bravo yankee foxtrot lima delta juliet juliet charlie lima delta
20211122064839 tango lima lima echo whiskey foxtrot foxtrot bravo viktor sierra
20211122072210 delta romeo unifrom quebec tango juliet echo hotel hotel echo
20211122084755 x-ray oscar charlie alpha golf x-ray quebec lima echo golf
20211122092533 romeo delta charlie delta whiskey papa lima echo lima charlie
20211122113107 sierra sierra delta oscar x-ray papa juliet echo delta lima
20211122131341 unifrom india india foxtrot mike echo juliet golf echo whiskey
20211122155054 viktor golf golf lima sierra alpha mike viktor golf unifrom
20211122160925 foxtrot sierra juliet romeo hotel golf golf sierra oscar india
20211122180901 juliet hotel quebec romeo unifrom echo romeo golf alpha delta
20211122202318 golf sierra unifrom november papa foxtrot tango mike sierra foxtrot
20211122214808 yankee delta bravo viktor lima papa yankee zulu golf mike
20211122230018 alpha romeo echo whiskey tango india yankee oscar x-ray unifrom
20211123002320 sierra yankee zulu india juliet november whiskey quebec zulu foxtrot
20211123021654 bravo quebec juliet unifrom alpha viktor x-ray viktor india india
20211123045633 golf bravo whiskey juliet mike bravo alpha november delta mike
20211123072819 zulu yankee papa juliet x-ray hotel lima echo foxtrot golf
20211123074714 viktor zulu lima golf golf viktor delta lima hotel quebec
20211123095912 echo quebec oscar bravo india charlie papa papa romeo mike
20211123110755 whiskey viktor delta november foxtrot kilo mike alpha lima kilo
20211123132552 tango quebec yankee foxtrot yankee lima delta juliet mike sierra
20211123132901 sierra sierra zulu november hotel november foxtrot golf x-ray charlie
20211123143250 juliet quebec oscar bravo whiskey quebec golf tango x-ray romeo
20211123150527 oscar quebec echo echo quebec whiskey unifrom bravo foxtrot foxtrot
20211123164415 tango tango tango charlie alpha kilo unifrom unifrom alpha unifrom
20211123182751 delta bravo papa foxtrot zulu india echo papa lima echo
20211123190328 india sierra juliet zulu sierra quebec foxtrot charlie golf hotel
20211123212304 kilo alpha quebec yankee quebec india sierra kilo hotel bravo
20211123233342 november lima zulu papa mike kilo kilo kilo quebec lima
20211123235704 golf viktor viktor whiskey x-ray lima delta zulu india alpha
20211124005240 bravo lima kilo alpha juliet unifrom tango charlie charlie viktor
20211124005502 alpha foxtrot whiskey zulu romeo india quebec romeo whiskey lima
20211124011144 juliet oscar echo romeo papa zulu echo echo viktor unifrom
20211124025254 whiskey lima mike viktor hotel yankee juliet viktor golf romeo
