20211118101717 alpha zulu mike whiskey lima india golf x-ray golf november
20211118121420 juliet x-ray oscar quebec whiskey x-ray sierra yankee hotel november
20211118140357 papa charlie hotel kilo unifrom golf unifrom x-ray oscar golf
20211118145856 november viktor foxtrot charlie unifrom juliet unifrom charlie echo yankee
20211118163113 whiskey lima mike zulu bravo charlie viktor hotel sierra echo
20211118165113 papa hotel mike india echo golf foxtrot charlie oscar viktor
20211118193149 whiskey november whiskey yankee whiskey romeo charlie papa whiskey mike
20211118200322 mike golf india papa foxtrot golf echo x-ray papa echo
20211118212810 oscar sierra india sierra alpha golf whiskey x-ray golf quebec
20211118233316 november unifrom kilo viktor tango golf bravo golf yankee tango
20211119004100 oscar november echo alpha yankee november yankee alpha tango delta
20211119015241 lima echo tango november quebec quebec alpha oscar foxtrot echo
20211119025025 mike papa kilo lima india hotel papa mike mike viktor
20211119052444 zulu bravo mike hotel golf bravo india juliet delta lima
20211119063506 juliet unifrom echo mike foxtrot bravo viktor unifrom delta unifrom
20211119072240 viktor golf oscar bravo unifrom lima unifrom tango foxtrot mike
20211119094734 sierra tango papa oscar yankee bravo romeo india tango golf
20211119114502 x-ray juliet delta hotel india quebec quebec unifrom lima november
20211119134148 papa lima golf charlie unifrom india echo quebec unifrom whiskey
20211119154602 unifrom zulu kilo lima delta quebec romeo x-ray oscar bravo
20211119175542 unifrom lima delta sierra oscar foxtrot mike hotel oscar november
20211119193731 kilo whiskey echo viktor x-ray hotel golf viktor hotel india
20211119221722 sierra whiskey bravo juliet unifrom papa oscar alpha quebec india
20211120005442 kilo hotel delta viktor foxtrot echo november foxtrot x-ray sierra
20211120030910 yankee hotel oscar lima november papa echo delta echo india
20211120052205 echo golf alpha delta sierra golf papa charlie kilo kilo
20211120061503 delta x-ray india tango delta bravo whiskey november zulu oscar
20211120063217 tango yankee viktor hotel oscar juliet quebec oscar bravo november
20211120075304 november zulu unifrom romeo hotel papa charlie delta charlie november
20211120084848 x-ray sierra india mike papa unifrom tango papa mike delta
20211120090428 golf viktor foxtrot foxtrot november oscar november foxtrot zulu hotel
20211120100413 foxtrot sierra india x-ray papa november mike india papa juliet
20211120121538 quebec hotel papa unifrom india zulu india mike juliet golf
20211120123801 delta kilo foxtrot viktor delta viktor unifrom november romeo papa
20211120142028 tango golf alpha juliet echo x-ray unifrom bravo viktor delta
20211120152945 zulu charlie india india kilo charlie juliet tango bravo mike
20211120164922 charlie foxtrot sierra mike viktor delta golf foxtrot zulu delta
20211120193340 oscar romeo viktor lima whiskey oscar november sierra echo romeo
20211120200927 sierra charlie mike juliet november whiskey yankee alpha kilo x-ray
20211120204559 sierra quebec echo kilo quebec november oscar india papa quebec
20211120230410 delta sierra foxtrot juliet unifrom papa quebec alpha juliet papa
20211121011030 delta mike tango november papa charlie x-ray quebec zulu golf
20211121035530 november viktor yankee viktor lima zulu hotel lima sierra november
20211121042001 lima papa sierra kilo viktor zulu charlie yankee foxtrot kilo
20211121065108 papa juliet golf foxtrot oscar zulu india lima bravo oscar
20211121065216 whiskey zulu sierra golf golf charlie hotel papa oscar lima
20211121085905 alpha zulu romeo quebec zulu foxtrot romeo yankee unifrom zulu
20211121111238 romeo oscar foxtrot hotel foxtrot india juliet foxtrot oscar golf
20211121125658 echo juliet tango papa echo lima lima hotel echo mike
20211121140713 papa unifrom lima papa x-ray echo hotel november hotel november
20211121152229 x-ray mike golf papa lima foxtrot x-ray november kilo india
20211121180032 alpha viktor charlie charlie india delta quebec lima viktor oscar
20211121190313 charlie november papa alpha india charlie mike x-ray tango romeo
20211121193547 yankee papa x-ray oscar delta oscar november viktor november charlie
20211121200852 whiskey charlie tango quebec kilo papa yankee echo delta quebec
20211121211447 yankee golf foxtrot delta delta viktor foxtrot papa november unifrom
20211121214148 papa hotel quebec echo india mike zulu kilo romeo oscar
20211122001738 bravo alpha oscar mike x-ray sierra mike oscar delta delta
20211122021432 echo kilo bravo delta bravo lima tango oscar foxtrot golf
20211122034211 november oscar unifrom sierra oscar yankee romeo india papa oscar
20211122044621 mike sierra papa golf yankee november juliet zulu lima quebec
20211122073127 sierra echo papa oscar yankee bravo whiskey lima lima foxtrot
20211122100859 yankee echo hotel delta papa x-ray delta delta sierra sierra
20211122110944 alpha lima lima unifrom lima alpha yankee charlie india zulu
20211122134037 delta romeo juliet romeo tango papa quebec x-ray sierra zulu
20211122150804 golf viktor viktor oscar yankee x-ray oscar november delta bravo
20211122163813 golf foxtrot mike x-ray quebec golf hotel india november kilo
20211122181953 lima yankee juliet golf juliet papa quebec juliet sierra tango
20211122203056 india tango tango papa unifrom charlie kilo bravo november bravo
20211122220204 viktor foxtrot hotel alpha romeo lima yankee tango foxtrot papa
20211123000143 juliet alpha november whiskey oscar golf golf mike yankee whiskey
20211123004353 bravo oscar foxtrot sierra papa mike unifrom golf quebec hotel
20211123022330 juliet charlie papa whiskey viktor juliet sierra x-ray november mike
20211123045949 unifrom tango unifrom tango yankee yankee charlie sierra echo whiskey
20211123072743 alpha viktor romeo lima yankee x-ray lima yankee zulu echo
20211123091306 romeo unifrom foxtrot alpha papa x-ray juliet quebec x-ray november
20211123112952 viktor papa hotel india lima tango sierra mike x-ray india
20211123140551 alpha foxtrot bravo juliet echo foxtrot romeo lima hotel november
20211123155949 x-ray unifrom lima papa juliet november viktor viktor quebec unifrom
20211123184538 romeo viktor kilo tango lima romeo juliet charlie viktor romeo
20211123194247 romeo hotel x-ray juliet lima papa lima whiskey lima sierra
20211123194939 alpha papa bravo yankee zulu hotel zulu mike sierra kilo
20211123203439 papa tango kilo kilo delta tango echo quebec sierra mike
20211123215023 quebec whiskey whiskey quebec november echo juliet mike lima charlie
20211123223918 delta tango juliet oscar romeo lima juliet november whiskey bravo
20211123224923 foxtrot unifrom delta charlie whiskey oscar x-ray november charlie hotel
20211123233818 romeo papa foxtrot lima oscar hotel oscar mike romeo hotel
20211124003521 india delta unifrom india golf echo tango india kilo golf
20211124011743 hotel unifrom lima whiskey unifrom kilo quebec hotel india alpha
20211124022209 hotel unifrom echo echo echo mike delta sierra india sierra
20211124031937 tango echo unifrom whiskey kilo charlie tango whiskey golf yankee
20211124034859 unifrom hotel echo papa hotel x-ray sierra juliet romeo viktor
20211124060452 echo yankee golf unifrom india delta kilo india delta lima
20211124065953 papa lima tango alpha alpha romeo alpha x-ray echo oscar
20211124090849 india foxtrot juliet india whiskey golf x-ray whiskey yankee viktor
20211124094119 echo zulu mike juliet mike zulu whiskey mike hotel november
20211124103527 lima hotel x-ray hotel yankee delta foxtrot quebec whiskey foxtrot
20211124122813 yankee november zulu foxtrot unifrom golf delta x-ray papa bravo
20211124143130 papa alpha whiskey whiskey zulu whiskey mike oscar foxtrot golf
20211124163041 hotel india november kilo echo echo golf mike alpha zulu
