20211118101717 oscar kilo viktor viktor kilo delta november delta yankee juliet
20211118123606 romeo delta mike india lima delta delta echo unifrom juliet
20211118151305 whiskey papa viktor viktor kilo juliet zulu oscar delta charlie
20211118164051 x-ray juliet unifrom echo mike golf kilo romeo romeo romeo
20211118175159 november india papa charlie foxtrot bravo quebec x-ray echo tango
20211118182900 foxtrot lima romeo x-ray whiskey foxtrot lima alpha alpha foxtrot
20211118193453 quebec alpha zulu mike quebec viktor alpha november tango sierra
20211118205444 whiskey lima hotel romeo quebec whiskey tango echo mike romeo
20211118214638 yankee romeo yankee tango hotel charlie zulu mike foxtrot lima
20211118233352 bravo unifrom whiskey golf foxtrot x-ray romeo echo delta tango
20211119002219 echo november yankee india mike quebec unifrom bravo kilo juliet
20211119003834 india tango hotel november whiskey delta echo echo hotel india
20211119015020 zulu alpha charlie lima charlie tango zulu whiskey viktor yankee
20211119025333 lima yankee charlie unifrom lima tango whiskey november zulu tango
20211119042103 sierra juliet unifrom yankee viktor juliet foxtrot foxtrot x-ray yankee
20211119042956 bravo sierra unifrom echo yankee juliet whiskey alpha november papa
20211119055325 hotel foxtrot foxtrot juliet romeo tango quebec charlie papa alpha
20211119055734 echo juliet alpha november november papa echo viktor unifrom mike
20211119062432 foxtrot kilo mike oscar romeo whiskey echo mike echo alpha
20211119064033 november kilo delta golf kilo kilo hotel alpha november yankee
20211119074142 unifrom golf zulu papa echo viktor unifrom juliet juliet delta
20211119091421 sierra x-ray oscar kilo golf alpha yankee kilo november yankee
20211119101507 kilo romeo kilo kilo x-ray echo bravo lima romeo sierra
20211119111931 quebec yankee tango mike kilo unifrom mike bravo charlie tango
20211119125312 echo tango romeo kilo yankee bravo juliet echo mike sierra
20211119143757 delta x-ray yankee hotel sierra hotel alpha sierra november zulu
20211119152833 x-ray unifrom romeo juliet mike quebec x-ray charlie unifrom alpha
20211119161549 delta viktor juliet juliet x-ray kilo delta foxtrot golf yankee
20211119171052 unifrom x-ray papa golf papa sierra tango juliet tango bravo
20211119190745 hotel oscar viktor unifrom lima romeo delta x-ray viktor juliet
20211119191137 quebec sierra alpha november echo romeo tango oscar november oscar
20211119203519 papa foxtrot alpha mike juliet charlie lima yankee hotel yankee
20211119230228 yankee quebec kilo hotel foxtrot lima papa x-ray mike x-ray
20211120000030 papa foxtrot yankee echo bravo papa x-ray sierra unifrom sierra
20211120002810 alpha bravo quebec sierra unifrom lima golf unifrom golf whiskey
20211120004612 kilo whiskey echo x-ray india unifrom alpha echo juliet mike
20211120015921 hotel viktor kilo lima delta tango unifrom quebec viktor india
20211120023954 oscar echo delta delta alpha zulu alpha lima romeo hotel
20211120052334 kilo oscar delta x-ray viktor viktor tango viktor tango mike
20211120060735 papa viktor kilo alpha mike oscar zulu india alpha bravo
20211120084451 oscar delta viktor quebec lima mike quebec mike lima bravo
20211120093021 kilo oscar quebec romeo zulu mike echo bravo yankee echo
20211120120810 golf quebec charlie tango echo zulu oscar echo charlie zulu
20211120135136 november oscar echo tango charlie zulu alpha bravo foxtrot bravo
20211120153604 tango quebec romeo romeo foxtrot golf hotel foxtrot delta quebec
20211120160757 delta romeo kilo lima kilo november lima juliet whiskey papa
20211120162744 india whiskey oscar delta mike kilo hotel viktor juliet juliet
20211120170009 alpha charlie alpha golf charlie whiskey oscar papa delta unifrom
20211120183014 delta viktor kilo oscar echo india india golf hotel charlie
20211120185830 whiskey unifrom charlie tango zulu x-ray viktor india quebec x-ray
20211120204701 oscar hotel mike lima bravo zulu tango golf alpha bravo
20211120230939 sierra tango kilo mike whiskey golf hotel zulu delta november
20211121000847 alpha quebec foxtrot november sierra bravo whiskey zulu india charlie
20211121015047 oscar viktor sierra hotel juliet zulu papa x-ray lima whiskey
20211121032318 charlie golf hotel x-ray sierra sierra sierra tango alpha echo
20211121053537 foxtrot quebec hotel yankee lima juliet mike unifrom echo india
20211121063725 viktor whiskey x-ray yankee golf yankee tango tango lima lima
20211121070219 unifrom sierra yankee papa romeo golf x-ray alpha zulu sierra
20211121074755 foxtrot delta x-ray bravo india tango lima oscar november zulu
20211121093555 romeo alpha alpha unifrom yankee romeo viktor mike kilo alpha
20211121105406 juliet oscar whiskey viktor india romeo mike x-ray juliet delta
20211121132053 bravo quebec papa papa delta romeo unifrom romeo india juliet
20211121134503 echo alpha viktor echo echo viktor zulu kilo hotel oscar
20211121142101 kilo echo alpha viktor viktor papa whiskey echo viktor viktor
20211121155039 unifrom bravo yankee golf tango mike x-ray unifrom hotel hotel
20211121173131 whiskey delta oscar sierra papa echo papa whiskey delta golf
20211121191947 bravo mike x-ray alpha sierra hotel yankee bravo romeo zulu
20211121210216 quebec bravo foxtrot echo golf x-ray quebec viktor sierra india
20211121221451 charlie quebec papa quebec unifrom india delta charlie tango golf
20211121222011 november charlie november golf hotel hotel romeo x-ray kilo golf
20211121222444 juliet sierra oscar juliet x-ray bravo november whiskey india oscar
20211121235323 papa viktor delta alpha juliet romeo whiskey juliet lima india
20211122004807 viktor oscar lima viktor zulu zulu lima foxtrot viktor whiskey
20211122011427 papa november delta romeo golf foxtrot lima charlie bravo quebec
20211122024654 echo whiskey november bravo foxtrot india sierra delta juliet x-ray
20211122033458 mike oscar romeo zulu juliet charlie x-ray charlie hotel alpha
20211122033647 quebec oscar india yankee tango quebec kilo kilo foxtrot oscar
20211122040509 viktor echo india echo juliet zulu quebec yankee sierra alpha
20211122050741 tango romeo mike hotel sierra delta x-ray delta golf november
20211122053628 foxtrot india papa unifrom x-ray mike foxtrot romeo lima mike
20211122074116 whiskey bravo mike mike x-ray bravo juliet papa zulu india
20211122081846 zulu mike delta juliet oscar alpha yankee papa papa charlie
20211122090130 juliet sierra viktor charlie india oscar lima charlie foxtrot november
20211122091405 bravo yankee echo tango golf yankee hotel yankee kilo juliet
20211122093008 quebec quebec echo alpha x-ray oscar zulu whiskey quebec india
20211122101310 india papa foxtrot oscar x-ray delta x-ray india hotel mike
20211122105814 zulu quebec tango hotel papa india sierra bravo whiskey india
20211122121228 alpha kilo viktor whiskey tango sierra bravo delta delta viktor
20211122142215 viktor bravo kilo alpha delta zulu india tango echo alpha
20211122165410 papa november papa yankee quebec romeo november charlie alpha tango
20211122193126 whiskey yankee delta india mike november romeo sierra quebec sierra
20211122220311 viktor zulu sierra x-ray romeo whiskey unifrom foxtrot alpha hotel
20211122220923 unifrom november india bravo viktor mike echo viktor quebec zulu
20211123000154 mike foxtrot foxtrot yankee oscar romeo whiskey echo echo india
20211123012832 x-ray charlie tango juliet november november quebec tango golf whiskey
20211123022102 papa juliet foxtrot oscar november mike echo mike unifrom romeo
20211123024244 juliet bravo bravo golf papa bravo hotel echo zulu foxtrot
20211123032241 unifrom hotel echo x-ray sierra papa kilo romeo hotel delta
20211123040806 lima whiskey quebec foxtrot alpha quebec tango golf oscar unifrom
20211123042548 x-ray alpha yankee hotel kilo india echo viktor juliet unifrom
