20211118101717 kilo juliet juliet hotel mike hotel hotel oscar tango golf
20211118121912 quebec x-ray unifrom viktor hotel juliet x-ray golf india delta
20211118125609 yankee papa unifrom foxtrot viktor alpha echo tango oscar golf
20211118152505 bravo november sierra oscar tango whiskey yankee romeo november golf
20211118164129 romeo oscar juliet india lima hotel sierra foxtrot bravo charlie
20211118172346 quebec november tango india bravo lima oscar november whiskey lima
20211118191550 delta zulu zulu romeo yankee juliet kilo oscar india charlie
20211118191932 romeo golf lima hotel alpha yankee papa november unifrom oscar
20211118201522 viktor foxtrot foxtrot lima golf charlie viktor lima november echo
20211118223515 viktor india kilo alpha golf bravo sierra zulu romeo mike
20211119011601 sierra november tango lima quebec echo kilo mike kilo echo
20211119020623 charlie kilo oscar unifrom oscar hotel viktor sierra romeo india
20211119032646 foxtrot charlie charlie zulu unifrom lima zulu bravo juliet whiskey
20211119041502 zulu tango zulu yankee india alpha india quebec romeo golf
20211119042501 golf whiskey bravo oscar zulu delta november november foxtrot golf
20211119063115 tango tango juliet charlie whiskey x-ray hotel juliet mike lima
20211119081731 november india tango india unifrom mike lima unifrom sierra unifrom
20211119090226 whiskey echo unifrom hotel juliet whiskey romeo lima india whiskey
20211119110151 mike foxtrot india charlie hotel charlie delta x-ray lima foxtrot
20211119130921 alpha charlie mike quebec alpha bravo golf charlie juliet tango
20211119140339 bravo alpha india alpha foxtrot unifrom lima x-ray romeo november
20211119155401 november oscar yankee kilo delta quebec oscar zulu delta juliet
20211119162726 juliet sierra yankee india alpha golf alpha zulu tango papa
20211119164727 sierra mike delta delta kilo unifrom quebec juliet kilo tango
20211119183237 november mike x-ray kilo zulu mike golf zulu november kilo
20211119193509 yankee india kilo mike bravo quebec unifrom mike juliet quebec
20211119213618 kilo oscar sierra zulu lima oscar quebec hotel zulu papa
20211120001524 quebec whiskey mike unifrom echo mike romeo tango romeo foxtrot
20211120015257 tango viktor sierra alpha sierra india lima lima yankee sierra
20211120022742 sierra alpha viktor unifrom golf golf delta papa alpha tango
20211120025234 echo x-ray alpha foxtrot india viktor yankee bravo charlie kilo
20211120044119 tango quebec oscar whiskey zulu tango zulu india quebec alpha
20211120045716 yankee foxtrot zulu golf alpha echo juliet charlie whiskey echo
20211120071607 kilo india charlie mike x-ray charlie sierra zulu charlie kilo
20211120073710 whiskey oscar hotel yankee zulu november tango romeo tango whiskey
20211120094021 charlie juliet delta papa bravo november mike viktor india yankee
20211120100843 alpha juliet yankee whiskey tango x-ray charlie hotel romeo hotel
20211120113639 mike zulu oscar x-ray x-ray india whiskey kilo x-ray x-ray
20211120142000 yankee papa alpha bravo foxtrot alpha echo november oscar yankee
20211120153905 mike charlie delta quebec romeo hotel mike delta unifrom papa
20211120160736 romeo quebec charlie papa oscar mike foxtrot whiskey delta unifrom
20211120182723 delta echo mike kilo mike foxtrot charlie viktor india alpha
20211120192741 tango quebec romeo zulu hotel bravo delta hotel charlie india
20211120210403 papa november delta juliet november unifrom x-ray delta juliet juliet
20211120232514 hotel quebec zulu golf whiskey viktor sierra viktor lima oscar
20211121002847 oscar delta x-ray unifrom lima unifrom echo whiskey oscar kilo
20211121013427 hotel whiskey whiskey yankee romeo golf viktor lima papa viktor
20211121020304 kilo romeo november delta bravo kilo echo yankee whiskey mike
20211121033115 romeo delta lima mike viktor papa bravo juliet echo foxtrot
20211121042115 sierra viktor romeo delta lima mike viktor kilo sierra november
20211121044650 x-ray delta zulu alpha mike delta romeo viktor tango november
20211121071419 lima papa romeo zulu zulu echo golf whiskey charlie tango
20211121090148 echo viktor mike papa tango juliet oscar sierra viktor foxtrot
20211121103454 november india alpha yankee viktor romeo tango lima bravo yankee
20211121124137 delta romeo golf india alpha charlie golf hotel tango romeo
20211121150726 kilo echo foxtrot echo alpha viktor whiskey oscar zulu viktor
20211121155143 oscar unifrom romeo quebec november india whiskey delta delta whiskey
20211121182128 viktor juliet delta bravo tango oscar mike charlie unifrom zulu
20211121191121 yankee viktor mike papa kilo romeo viktor india quebec zulu
20211121210836 alpha delta foxtrot hotel viktor tango papa tango x-ray delta
20211121233018 november romeo unifrom november foxtrot sierra quebec kilo delta quebec
20211122010508 papa bravo x-ray golf golf mike sierra kilo quebec juliet
20211122030420 golf quebec echo charlie sierra delta oscar november whiskey oscar
20211122031739 x-ray golf golf delta kilo zulu viktor bravo papa india
20211122043540 lima echo oscar november india quebec november delta kilo unifrom
20211122054729 echo november delta bravo oscar mike papa viktor romeo oscar
20211122065252 zulu alpha unifrom tango bravo charlie oscar papa oscar hotel
20211122070313 echo november charlie delta papa quebec tango hotel sierra charlie
20211122074240 quebec delta zulu zulu hotel zulu tango whiskey quebec alpha
20211122095701 papa delta india oscar unifrom sierra tango tango mike whiskey
20211122113602 x-ray delta viktor sierra bravo india delta charlie echo november
20211122131833 india papa golf hotel lima bravo sierra kilo charlie zulu
20211122142102 quebec lima oscar november india x-ray papa whiskey alpha x-ray
20211122143849 x-ray x-ray tango golf kilo lima papa zulu mike hotel
20211122153538 lima echo sierra unifrom mike viktor viktor papa oscar golf
20211122163017 bravo delta zulu papa unifrom tango zulu delta romeo alpha
20211122174225 romeo papa oscar romeo romeo quebec india quebec delta kilo
20211122183547 tango unifrom india zulu delta zulu yankee unifrom whiskey india
20211122203653 quebec alpha hotel whiskey kilo charlie sierra india echo romeo
20211122220022 golf whiskey kilo golf foxtrot viktor alpha hotel viktor zulu
20211123002221 zulu hotel yankee golf charlie romeo x-ray tango echo november
20211123013901 echo romeo delta tango mike papa lima whiskey whiskey quebec
20211123030340 foxtrot charlie romeo bravo kilo foxtrot kilo mike golf india
20211123052340 romeo quebec unifrom zulu romeo romeo zulu echo india hotel
20211123075852 lima x-ray echo zulu yankee echo november mike juliet x-ray
20211123080805 quebec x-ray juliet delta yankee romeo oscar oscar romeo quebec
20211123104936 hotel zulu delta mike sierra lima oscar juliet viktor zulu
20211123113029 echo echo lima juliet mike delta echo romeo golf alpha
20211123130339 unifrom foxtrot india zulu x-ray hotel hotel mike yankee oscar
20211123134209 india viktor whiskey mike zulu viktor hotel alpha viktor whiskey
20211123143155 foxtrot india hotel tango x-ray juliet alpha sierra unifrom india
20211123143214 juliet unifrom tango india bravo lima x-ray delta unifrom tango
20211123150424 juliet sierra romeo bravo unifrom delta sierra november november delta
20211123160111 papa juliet mike papa delta alpha juliet unifrom hotel viktor
20211123181218 echo charlie zulu echo charlie golf november november yankee unifrom
20211123191724 golf tango alpha unifrom india alpha oscar oscar golf november
20211123210926 unifrom yankee romeo golf whiskey golf alpha sierra lima romeo
20211123235522 whiskey kilo november alpha romeo india x-ray foxtrot x-ray kilo
20211124001855 quebec echo tango bravo romeo golf golf echo yankee delta
20211124024838 viktor yankee whiskey sierra x-ray kilo quebec hotel zulu lima
