20211118101717 yankee india juliet quebec tango echo yankee foxtrot kilo mike
20211118115344 juliet hotel yankee november charlie alpha bravo x-ray foxtrot viktor
20211118135509 papa india bravo november romeo tango romeo tango papa bravo
20211118161936 delta juliet tango mike romeo unifrom alpha x-ray juliet india
20211118172035 november delta charlie golf sierra viktor sierra whiskey charlie sierra
20211118183633 hotel x-ray juliet kilo alpha kilo papa charlie yankee india
20211118183718 delta hotel lima hotel viktor unifrom mike golf delta whiskey
20211118193524 lima romeo unifrom oscar papa foxtrot alpha oscar quebec zulu
20211118210708 viktor alpha unifrom india bravo india november india oscar oscar
20211118222104 delta zulu tango unifrom hotel juliet bravo lima zulu alpha
20211118230551 x-ray lima unifrom november golf juliet alpha november tango romeo
20211119013743 unifrom quebec zulu whiskey kilo quebec foxtrot echo mike oscar
20211119025035 golf hotel x-ray alpha golf foxtrot foxtrot sierra foxtrot foxtrot
20211119031735 charlie golf charlie viktor unifrom india x-ray whiskey mike unifrom
20211119054648 x-ray india november tango kilo alpha delta viktor juliet lima
20211119060741 papa unifrom sierra x-ray delta viktor viktor x-ray sierra viktor
20211119065558 november oscar echo x-ray november bravo oscar oscar foxtrot bravo
20211119081912 unifrom india november mike charlie charlie unifrom yankee hotel delta
20211119101559 bravo bravo quebec sierra alpha november yankee india quebec bravo
20211119130223 echo kilo india oscar foxtrot unifrom hotel whiskey november tango
20211119142251 november sierra unifrom charlie mike hotel alpha zulu foxtrot golf
20211119142452 foxtrot bravo mike x-ray oscar zulu yankee foxtrot tango sierra
20211119145349 kilo hotel x-ray oscar charlie bravo unifrom tango bravo bravo
20211119171632 juliet oscar lima zulu zulu romeo golf charlie x-ray whiskey
20211119192215 tango juliet india lima delta papa bravo mike tango yankee
20211119220021 viktor november november mike charlie bravo juliet delta zulu foxtrot
20211119221536 golf sierra lima charlie viktor oscar whiskey bravo charlie lima
20211119231526 quebec juliet unifrom papa lima golf juliet whiskey viktor bravo
20211120014558 kilo oscar kilo foxtrot unifrom whiskey romeo november tango november
20211120021402 alpha mike papa zulu yankee bravo kilo romeo india papa
20211120021454 viktor unifrom golf india juliet golf echo tango zulu bravo
20211120044110 golf zulu mike unifrom unifrom echo quebec viktor charlie whiskey
20211120050829 november mike whiskey foxtrot quebec charlie whiskey unifrom quebec bravo
20211120055133 yankee india delta charlie papa lima alpha zulu foxtrot echo
20211120062542 delta romeo hotel delta sierra papa quebec hotel delta hotel
20211120071422 delta juliet viktor alpha x-ray hotel unifrom hotel yankee sierra
20211120091500 viktor alpha india romeo juliet quebec bravo whiskey zulu sierra
20211120092210 juliet juliet quebec papa bravo juliet unifrom alpha tango charlie
20211120114334 delta golf sierra november mike zulu whiskey india echo whiskey
20211120114921 romeo november romeo foxtrot x-ray echo mike golf tango november
20211120130813 lima foxtrot sierra lima papa x-ray delta unifrom charlie juliet
20211120145709 sierra sierra delta romeo juliet november mike papa golf bravo
20211120171124 x-ray lima yankee lima papa bravo tango november quebec whiskey
20211120184248 kilo kilo november oscar sierra hotel juliet viktor romeo charlie
20211120205202 delta foxtrot yankee mike hotel unifrom romeo hotel bravo golf
20211120225451 echo alpha quebec yankee lima charlie india mike november sierra
20211121002701 mike whiskey zulu papa hotel oscar lima bravo golf delta
20211121004630 mike yankee hotel alpha lima kilo mike unifrom foxtrot november
20211121020334 juliet foxtrot viktor india quebec unifrom viktor whiskey tango india
20211121043900 india x-ray romeo whiskey unifrom foxtrot whiskey papa delta charlie
20211121070103 romeo mike oscar juliet alpha yankee tango romeo india lima
20211121084448 quebec romeo viktor india x-ray echo sierra quebec charlie viktor
20211121091444 x-ray lima charlie tango zulu unifrom mike yankee lima charlie
20211121112218 quebec tango juliet yankee foxtrot november mike unifrom hotel november
20211121123000 alpha november yankee alpha unifrom hotel alpha golf whiskey india
20211121131533 delta viktor tango mike foxtrot yankee viktor kilo zulu india
20211121153746 hotel romeo echo golf bravo kilo quebec viktor yankee echo
20211121174235 kilo golf quebec tango unifrom november quebec foxtrot lima oscar
20211121195141 november romeo bravo lima hotel mike juliet hotel romeo unifrom
20211121220536 oscar mike mike unifrom tango lima november mike viktor charlie
20211121225936 foxtrot oscar golf delta sierra whiskey sierra yankee kilo november
20211121231158 yankee tango juliet zulu oscar lima mike bravo sierra yankee
20211122000625 charlie foxtrot sierra echo india kilo lima india mike viktor
20211122011110 india bravo foxtrot oscar yankee unifrom whiskey hotel sierra hotel
20211122033857 india charlie foxtrot sierra lima bravo alpha sierra x-ray papa
20211122044541 viktor sierra tango november papa quebec papa echo x-ray foxtrot
20211122053709 yankee india bravo juliet lima unifrom yankee tango delta india
20211122063227 tango alpha oscar echo lima x-ray x-ray sierra oscar zulu
20211122081244 india oscar delta tango x-ray alpha romeo oscar quebec charlie
20211122085153 golf golf tango viktor mike hotel x-ray papa viktor yankee
20211122095204 romeo romeo yankee x-ray yankee viktor bravo bravo oscar india
20211122123737 november unifrom whiskey viktor hotel whiskey alpha quebec mike papa
20211122130806 delta charlie juliet oscar november kilo november papa juliet yankee
20211122135719 india november viktor juliet whiskey x-ray bravo india golf whiskey
20211122143855 alpha hotel juliet lima foxtrot x-ray yankee quebec viktor oscar
20211122171903 juliet bravo charlie india november yankee kilo oscar sierra echo
20211122173846 november whiskey mike whiskey november lima kilo delta x-ray tango
20211122183202 whiskey echo papa india echo sierra x-ray viktor viktor echo
20211122202554 juliet alpha hotel romeo golf india tango golf juliet india
20211122224833 viktor india tango kilo zulu oscar quebec november yankee hotel
20211123000056 bravo quebec viktor oscar hotel charlie quebec sierra quebec zulu
20211123014056 november unifrom sierra foxtrot x-ray charlie delta foxtrot sierra tango
20211123041718 lima hotel unifrom mike unifrom kilo quebec x-ray quebec papa
20211123060609 x-ray sierra india juliet delta quebec alpha alpha foxtrot juliet
20211123070357 mike zulu mike romeo golf juliet delta charlie x-ray india
20211123074930 viktor oscar kilo mike yankee lima alpha india lima golf
20211123090244 lima foxtrot sierra zulu tango hotel charlie zulu yankee yankee
20211123113800 yankee charlie hotel echo delta echo bravo golf oscar unifrom
20211123130921 foxtrot lima oscar charlie bravo x-ray romeo tango hotel lima
20211123133209 papa india kilo yankee india tango unifrom sierra romeo juliet
20211123143431 oscar alpha tango quebec romeo romeo tango oscar oscar charlie
20211123144016 unifrom tango alpha golf foxtrot india foxtrot papa lima india
20211123153425 romeo romeo papa unifrom echo romeo golf romeo papa zulu
20211123172327 romeo lima yankee juliet foxtrot romeo mike yankee bravo kilo
20211123172641 zulu foxtrot hotel charlie india foxtrot juliet india oscar golf
20211123194931 hotel juliet foxtrot sierra juliet mike zulu kilo tango foxtrot
20211123203523 charlie foxtrot whiskey charlie foxtrot alpha charlie zulu foxtrot yankee
20211123213810 sierra india quebec golf juliet echo mike x-ray november x-ray
20211123230038 oscar india oscar charlie viktor bravo unifrom tango foxtrot whiskey
20211124003930 unifrom tango mike mike tango x-ray yankee kilo charlie unifrom
